<frozen importlib._bootstrap>:219: RuntimeWarning: scipy._lib.messagestream.MessageStream size changed, may indicate binary incompatibility. Expected 56 from C header, got 64 from PyObject
==================================================
Algorithm: FedProx
Local batch size: 16
Local steps: 1
Local learing rate: 0.005
Total number of clients: 20
Clients join in each round: 1.0
Client drop rate: 0.0
Time select: False
Time threthold: 10000
Global rounds: 2000
Running times: 1
Dataset: mnist
Local model: cnn
Using device: cuda
Cuda device id: 0
==================================================

============= Running time: 0th =============
Creating server and clients ...
FedAvgCNN(
  (conv1): Sequential(
    (0): Conv2d(1, 32, kernel_size=(5, 5), stride=(1, 1))
    (1): ReLU(inplace=True)
    (2): MaxPool2d(kernel_size=(2, 2), stride=(2, 2), padding=0, dilation=1, ceil_mode=False)
  )
  (conv2): Sequential(
    (0): Conv2d(32, 64, kernel_size=(5, 5), stride=(1, 1))
    (1): ReLU(inplace=True)
    (2): MaxPool2d(kernel_size=(2, 2), stride=(2, 2), padding=0, dilation=1, ceil_mode=False)
  )
  (fc1): Sequential(
    (0): Linear(in_features=1024, out_features=512, bias=True)
    (1): ReLU(inplace=True)
  )
  (fc): Linear(in_features=512, out_features=10, bias=True)
)

Join ratio / total clients: 1.0 / 20
Finished creating server and clients.

-------------Round number: 0-------------

Evaluate global model
Averaged Train Loss: 2.3127
Averaged Test Accurancy: 0.0608
Averaged Test AUC: 0.4337
Std Test Accurancy: 0.0671
Std Test AUC: 0.1842
forrtl: error (200): program aborting due to control-C event
Image              PC                Routine            Line        Source             
libifcoremd.dll    00007FFDFBD8DF54  Unknown               Unknown  Unknown
KERNELBASE.dll     00007FFE6AA455A5  Unknown               Unknown  Unknown
KERNEL32.DLL       00007FFE6B2D55A0  Unknown               Unknown  Unknown
ntdll.dll          00007FFE6D44485B  Unknown               Unknown  Unknown
